# JRE version: OpenJDK Runtime Environment (8.0_152-b02) (build 1.8.0_152-release-1024-b02)
# Java VM: OpenJDK 64-Bit Server VM (25.152-b02 mixed mode windows-amd64 compressed oops)
Heap:
 PSYoungGen      total 94720K, used 94233K [0x00000000e0000000, 0x00000000e6f00000, 0x0000000100000000)
  eden space 86016K, 100% used [0x00000000e0000000,0x00000000e5400000,0x00000000e5400000)
  from space 8704K, 94% used [0x00000000e5580000,0x00000000e5d86740,0x00000000e5e00000)
  to   space 13824K, 42% used [0x00000000e6180000,0x00000000e673c010,0x00000000e6f00000)
 ParOldGen       total 164352K, used 65317K [0x00000000a0000000, 0x00000000aa080000, 0x00000000e0000000)
  object space 164352K, 39% used [0x00000000a0000000,0x00000000a3fc9668,0x00000000aa080000)
 Metaspace       used 79047K, capacity 84932K, committed 85120K, reserved 1122304K
  class space    used 10257K, capacity 11351K, committed 11392K, reserved 1048576K
GC Heap History (10 events):
Event: 2011.942 GC heap after
Heap after GC invocations=48 (full 3):
 PSYoungGen      total 100864K, used 6704K [0x00000000e0000000, 0x00000000e7980000, 0x0000000100000000)
  eden space 93696K, 0% used [0x00000000e0000000,0x00000000e0000000,0x00000000e5b80000)
  from space 7168K, 93% used [0x00000000e5d80000,0x00000000e640c050,0x00000000e6480000)
  to   space 15360K, 0% used [0x00000000e6a80000,0x00000000e6a80000,0x00000000e7980000)
 ParOldGen       total 164352K, used 65141K [0x00000000a0000000, 0x00000000aa080000, 0x00000000e0000000)
  object space 164352K, 39% used [0x00000000a0000000,0x00000000a3f9d668,0x00000000aa080000)
 Metaspace       used 78023K, capacity 82858K, committed 83072K, reserved 1122304K
  class space    used 10089K, capacity 11040K, committed 11136K, reserved 1048576K
}
Event: 2056.565 GC heap before
{Heap before GC invocations=49 (full 3):
 PSYoungGen      total 100864K, used 100400K [0x00000000e0000000, 0x00000000e7980000, 0x0000000100000000)
  eden space 93696K, 100% used [0x00000000e0000000,0x00000000e5b80000,0x00000000e5b80000)
  from space 7168K, 93% used [0x00000000e5d80000,0x00000000e640c050,0x00000000e6480000)
  to   space 15360K, 0% used [0x00000000e6a80000,0x00000000e6a80000,0x00000000e7980000)
 ParOldGen       total 164352K, used 65141K [0x00000000a0000000, 0x00000000aa080000, 0x00000000e0000000)
  object space 164352K, 39% used [0x00000000a0000000,0x00000000a3f9d668,0x00000000aa080000)
 Metaspace       used 78058K, capacity 82934K, committed 83072K, reserved 1122304K
  class space    used 10090K, capacity 11042K, committed 11136K, reserved 1048576K
Event: 2056.571 GC heap after
Heap after GC invocations=49 (full 3):
 PSYoungGen      total 104960K, used 2976K [0x00000000e0000000, 0x00000000e7780000, 0x0000000100000000)
  eden space 91648K, 0% used [0x00000000e0000000,0x00000000e0000000,0x00000000e5980000)
  from space 13312K, 22% used [0x00000000e6a80000,0x00000000e6d68020,0x00000000e7780000)
  to   space 15360K, 0% used [0x00000000e5980000,0x00000000e5980000,0x00000000e6880000)
 ParOldGen       total 164352K, used 65189K [0x00000000a0000000, 0x00000000aa080000, 0x00000000e0000000)
  object space 164352K, 39% used [0x00000000a0000000,0x00000000a3fa9668,0x00000000aa080000)
 Metaspace       used 78058K, capacity 82934K, committed 83072K, reserved 1122304K
  class space    used 10090K, capacity 11042K, committed 11136K, reserved 1048576K
}
Event: 2059.759 GC heap before
{Heap before GC invocations=50 (full 3):
 PSYoungGen      total 104960K, used 94624K [0x00000000e0000000, 0x00000000e7780000, 0x0000000100000000)
  eden space 91648K, 100% used [0x00000000e0000000,0x00000000e5980000,0x00000000e5980000)
  from space 13312K, 22% used [0x00000000e6a80000,0x00000000e6d68020,0x00000000e7780000)
  to   space 15360K, 0% used [0x00000000e5980000,0x00000000e5980000,0x00000000e6880000)
 ParOldGen       total 164352K, used 65189K [0x00000000a0000000, 0x00000000aa080000, 0x00000000e0000000)
  object space 164352K, 39% used [0x00000000a0000000,0x00000000a3fa9668,0x00000000aa080000)
 Metaspace       used 78080K, capacity 82934K, committed 83072K, reserved 1122304K
  class space    used 10091K, capacity 11042K, committed 11136K, reserved 1048576K
Event: 2059.769 GC heap after
Heap after GC invocations=50 (full 3):
 PSYoungGen      total 96256K, used 6336K [0x00000000e0000000, 0x00000000e7480000, 0x0000000100000000)
  eden space 89600K, 0% used [0x00000000e0000000,0x00000000e0000000,0x00000000e5780000)
  from space 6656K, 95% used [0x00000000e5980000,0x00000000e5fb0020,0x00000000e6000000)
  to   space 14848K, 0% used [0x00000000e6600000,0x00000000e6600000,0x00000000e7480000)
 ParOldGen       total 164352K, used 65221K [0x00000000a0000000, 0x00000000aa080000, 0x00000000e0000000)
  object space 164352K, 39% used [0x00000000a0000000,0x00000000a3fb1668,0x00000000aa080000)
 Metaspace       used 78080K, capacity 82934K, committed 83072K, reserved 1122304K
  class space    used 10091K, capacity 11042K, committed 11136K, reserved 1048576K
}
Event: 2062.217 GC heap before
{Heap before GC invocations=51 (full 3):
 PSYoungGen      total 96256K, used 95936K [0x00000000e0000000, 0x00000000e7480000, 0x0000000100000000)
  eden space 89600K, 100% used [0x00000000e0000000,0x00000000e5780000,0x00000000e5780000)
  from space 6656K, 95% used [0x00000000e5980000,0x00000000e5fb0020,0x00000000e6000000)
  to   space 14848K, 0% used [0x00000000e6600000,0x00000000e6600000,0x00000000e7480000)
 ParOldGen       total 164352K, used 65221K [0x00000000a0000000, 0x00000000aa080000, 0x00000000e0000000)
  object space 164352K, 39% used [0x00000000a0000000,0x00000000a3fb1668,0x00000000aa080000)
 Metaspace       used 78108K, capacity 82934K, committed 83072K, reserved 1122304K
  class space    used 10091K, capacity 11042K, committed 11136K, reserved 1048576K
Event: 2062.228 GC heap after
Heap after GC invocations=51 (full 3):
 PSYoungGen      total 99328K, used 7280K [0x00000000e0000000, 0x00000000e7180000, 0x0000000100000000)
  eden space 87552K, 0% used [0x00000000e0000000,0x00000000e0000000,0x00000000e5580000)
  from space 11776K, 61% used [0x00000000e6600000,0x00000000e6d1c050,0x00000000e7180000)
  to   space 14336K, 0% used [0x00000000e5580000,0x00000000e5580000,0x00000000e6380000)
 ParOldGen       total 164352K, used 65253K [0x00000000a0000000, 0x00000000aa080000, 0x00000000e0000000)
  object space 164352K, 39% used [0x00000000a0000000,0x00000000a3fb9668,0x00000000aa080000)
 Metaspace       used 78108K, capacity 82934K, committed 83072K, reserved 1122304K
  class space    used 10091K, capacity 11042K, committed 11136K, reserved 1048576K
}
Event: 2063.173 GC heap before
{Heap before GC invocations=52 (full 3):
 PSYoungGen      total 99328K, used 94832K [0x00000000e0000000, 0x00000000e7180000, 0x0000000100000000)
  eden space 87552K, 100% used [0x00000000e0000000,0x00000000e5580000,0x00000000e5580000)
  from space 11776K, 61% used [0x00000000e6600000,0x00000000e6d1c050,0x00000000e7180000)
  to   space 14336K, 0% used [0x00000000e5580000,0x00000000e5580000,0x00000000e6380000)
 ParOldGen       total 164352K, used 65253K [0x00000000a0000000, 0x00000000aa080000, 0x00000000e0000000)
  object space 164352K, 39% used [0x00000000a0000000,0x00000000a3fb9668,0x00000000aa080000)
 Metaspace       used 78209K, capacity 83074K, committed 83328K, reserved 1122304K
  class space    used 10091K, capacity 11042K, committed 11136K, reserved 1048576K
Event: 2063.183 GC heap after
Heap after GC invocations=52 (full 3):
 PSYoungGen      total 94720K, used 8217K [0x00000000e0000000, 0x00000000e6f00000, 0x0000000100000000)
  eden space 86016K, 0% used [0x00000000e0000000,0x00000000e0000000,0x00000000e5400000)
  from space 8704K, 94% used [0x00000000e5580000,0x00000000e5d86740,0x00000000e5e00000)
  to   space 13824K, 0% used [0x00000000e6180000,0x00000000e6180000,0x00000000e6f00000)
 ParOldGen       total 164352K, used 65285K [0x00000000a0000000, 0x00000000aa080000, 0x00000000e0000000)
  object space 164352K, 39% used [0x00000000a0000000,0x00000000a3fc1668,0x00000000aa080000)
 Metaspace       used 78209K, capacity 83074K, committed 83328K, reserved 1122304K
  class space    used 10091K, capacity 11042K, committed 11136K, reserved 1048576K
}
Event: 2156.325 GC heap before
{Heap before GC invocations=53 (full 3):
 PSYoungGen      total 94720K, used 94233K [0x00000000e0000000, 0x00000000e6f00000, 0x0000000100000000)
  eden space 86016K, 100% used [0x00000000e0000000,0x00000000e5400000,0x00000000e5400000)
  from space 8704K, 94% used [0x00000000e5580000,0x00000000e5d86740,0x00000000e5e00000)
  to   space 13824K, 0% used [0x00000000e6180000,0x00000000e6180000,0x00000000e6f00000)
 ParOldGen       total 164352K, used 65285K [0x00000000a0000000, 0x00000000aa080000, 0x00000000e0000000)
  object space 164352K, 39% used [0x00000000a0000000,0x00000000a3fc1668,0x00000000aa080000)
 Metaspace       used 79047K, capacity 84932K, committed 85120K, reserved 1122304K
  class space    used 10257K, capacity 11351K, committed 11392K, reserved 1048576K

